<?xml version="1.0" encoding="utf-8"?>
<testsuites name="1bdd" time="0" tests="1" failures="1" skipped="0">
    <testsuite name="Интеграционный сценарий">
        <properties />
        <testcase classname="Вывод справки" name="Я выполняю команду &quot;oscript -codestat=coverage/stat.json src/cmd/ovm.os&quot;" status="passed" />
        <testcase classname="Вывод справки" name="я вижу в консоли вывод &quot;OneScript Version Manager&quot;" status="failure">
            <failure message="У шага &lt;я вижу в консоли вывод &quot;OneScript Version Manager&quot;&gt;&#xA;{Модуль D:\git\SilverBulleters\ovm\oscript_modules\asserts\src\bdd-asserts.os / Ошибка в строке: 303 / [Failed] Ожидали, что проверяемое значение (ОШИБКА - {Модуль D:\git\SilverBulleters\ovm\oscript_modules\cli\src\core\Классы\internal\tools\ЧтениеСтроки.os / Ошибка в строке: 182 / Внешнее исключение (System.NullReferenceException): Ссылка на объект не указывает на экземпляр объекта.}&#xD;&#xA;System.Collections.Generic.KeyNotFoundException: Данный ключ отсутствует в словаре.&#xD;&#xA;   в ScriptEngine.Machine.CodeStatProcessor.GetStatData()&#xD;&#xA;   в oscript.ScriptFileHelper.OnAfterScriptExecute(HostedScriptEngine engine)&#xD;&#xA;   в oscript.ExecuteScriptBehavior.Execute()&#xD;&#xA;   в oscript.Program.Main(String[] args)&#xA;) СОДЕРЖИТ (OneScript Version Manager).}    &#xD;&#xA;	ВызватьИсключение Префикс + &quot; &quot; + СообщениеОшибки;" />
        </testcase>
        <testcase classname="Вывод версии" name="Я выполняю команду &quot;oscript -codestat=coverage/stat.json src/cmd/ovm.os -v&quot;" status="passed" />
        <testcase classname="Вывод версии" name="я вижу в консоли строку подобно &quot;\d+\.\d+\.\d+&quot;" status="failure">
            <failure message="У шага &lt;я вижу в консоли строку подобно &quot;\d+\.\d+\.\d+&quot;&gt;&#xA;{Модуль D:\git\SilverBulleters\ovm\oscript_modules\asserts\src\bdd-asserts.os / Ошибка в строке: 303 / [Failed] Ожидали, что проверяемое значение (Ложь) является ИСТИНОЙ.&#xA;Ожидали, что найдем совпадение по регулярному выражению \d+\.\d+\.\d+, а это не так.}    &#xD;&#xA;	ВызватьИсключение Префикс + &quot; &quot; + СообщениеОшибки;" />
        </testcase>
        <testcase classname="Установка версии" name="Я выполняю команду &quot;oscript -codestat=coverage/stat.json src/cmd/ovm.os install stable&quot;" status="passed" />
        <testcase classname="Установка версии" name="я вижу в консоли вывод &quot;Установка OneScript stable...&quot;" status="failure">
            <failure message="У шага &lt;я вижу в консоли вывод &quot;Установка OneScript stable...&quot;&gt;&#xA;{Модуль D:\git\SilverBulleters\ovm\oscript_modules\asserts\src\bdd-asserts.os / Ошибка в строке: 303 / [Failed] Ожидали, что проверяемое значение (ОШИБКА - {Модуль D:\git\SilverBulleters\ovm\oscript_modules\cli\src\core\Классы\internal\tools\ЧтениеСтроки.os / Ошибка в строке: 182 / Внешнее исключение (System.NullReferenceException): Ссылка на объект не указывает на экземпляр объекта.}&#xD;&#xA;System.Collections.Generic.KeyNotFoundException: Данный ключ отсутствует в словаре.&#xD;&#xA;   в ScriptEngine.Machine.CodeStatProcessor.GetStatData()&#xD;&#xA;   в oscript.ScriptFileHelper.OnAfterScriptExecute(HostedScriptEngine engine)&#xD;&#xA;   в oscript.ExecuteScriptBehavior.Execute()&#xD;&#xA;   в oscript.Program.Main(String[] args)&#xA;) СОДЕРЖИТ (Установка OneScript stable...).}    &#xD;&#xA;	ВызватьИсключение Префикс + &quot; &quot; + СообщениеОшибки;" />
        </testcase>
        <testcase classname="Использование версии" name="Я выполняю команду &quot;oscript -codestat=coverage/stat.json src/cmd/ovm.os install stable&quot;" status="passed" />
        <testcase classname="Использование версии" name="Я выполняю команду &quot;oscript -codestat=coverage/stat.json src/cmd/ovm.os use stable&quot;" status="passed" />
        <testcase classname="Использование версии" name="я вижу в консоли вывод &quot;OneScript stable активирован&quot;" status="failure">
            <failure message="У шага &lt;я вижу в консоли вывод &quot;OneScript stable активирован&quot;&gt;&#xA;{Модуль D:\git\SilverBulleters\ovm\oscript_modules\asserts\src\bdd-asserts.os / Ошибка в строке: 303 / [Failed] Ожидали, что проверяемое значение (ОШИБКА - {Модуль D:\git\SilverBulleters\ovm\oscript_modules\cli\src\core\Классы\internal\tools\ЧтениеСтроки.os / Ошибка в строке: 182 / Внешнее исключение (System.NullReferenceException): Ссылка на объект не указывает на экземпляр объекта.}&#xD;&#xA;System.Collections.Generic.KeyNotFoundException: Данный ключ отсутствует в словаре.&#xD;&#xA;   в ScriptEngine.Machine.CodeStatProcessor.GetStatData()&#xD;&#xA;   в oscript.ScriptFileHelper.OnAfterScriptExecute(HostedScriptEngine engine)&#xD;&#xA;   в oscript.ExecuteScriptBehavior.Execute()&#xD;&#xA;   в oscript.Program.Main(String[] args)&#xA;) СОДЕРЖИТ (OneScript stable активирован).}    &#xD;&#xA;	ВызватьИсключение Префикс + &quot; &quot; + СообщениеОшибки;" />
        </testcase>
        <testcase classname="Проверка использования версии" name="Я выполняю команду &quot;oscript -codestat=coverage/stat.json src/cmd/ovm.os ls&quot;" status="passed" />
        <testcase classname="Проверка использования версии" name="Я Показываю вывод команды" status="passed" />
        <testcase classname="Проверка использования версии" name="я вижу в консоли строку подобно &quot;current -&gt; .*&quot;" status="failure">
            <failure message="У шага &lt;я вижу в консоли строку подобно &quot;current -&gt; .*&quot;&gt;&#xA;{Модуль D:\git\SilverBulleters\ovm\oscript_modules\asserts\src\bdd-asserts.os / Ошибка в строке: 303 / [Failed] Ожидали, что проверяемое значение (Ложь) является ИСТИНОЙ.&#xA;Ожидали, что найдем совпадение по регулярному выражению current -&gt; .*, а это не так.}    &#xD;&#xA;	ВызватьИсключение Префикс + &quot; &quot; + СообщениеОшибки;" />
        </testcase>
    </testsuite>
</testsuites>