<?xml version="1.0" encoding="utf-8"?>
<testsuites name="1bdd" time="0" tests="1" failures="1" skipped="0">
    <testsuite name="Интеграционный сценарий">
        <properties />
        <testcase classname="Вывод справки" name="Я выполняю команду &quot;ovm&quot;" status="passed" />
        <testcase classname="Вывод справки" name="я вижу в консоли вывод &quot;OneScript Version Manager&quot;" status="passed" />
        <testcase classname="Вывод справки" name="я вижу в консоли вывод &quot;Строка запуска: ovm [OPTIONS] КОМАНДА [аргументы...]&quot;" status="passed" />
        <testcase classname="Вывод версии" name="Я выполняю команду &quot;ovm -v&quot;" status="passed" />
        <testcase classname="Вывод версии" name="я вижу в консоли строку подобно &quot;\d+\.\d+\.\d+&quot;" status="passed" />
        <testcase classname="Установка версии" name="Я выполняю команду &quot;ovm install stable&quot;" status="passed" />
        <testcase classname="Установка версии" name="я вижу в консоли вывод &quot;Установка OneScript stable...&quot;" status="passed" />
        <testcase classname="Установка версии" name="я вижу в консоли вывод &quot;Установка OneScript stable завершена&quot;" status="passed" />
        <testcase classname="Установка версии" name="я вижу в консоли вывод &quot;ovm use stable&quot;" status="passed" />
        <testcase classname="Установка версии" name="Я выполняю команду &quot;ovm ls&quot;" status="passed" />
        <testcase classname="Установка версии" name="я вижу в консоли строку подобно &quot;stable -&gt; .*&quot;" status="passed" />
        <testcase classname="Использование версии" name="Я выполняю команду &quot;ovm install stable&quot;" status="passed" />
        <testcase classname="Использование версии" name="Я выполняю команду &quot;ovm use stable&quot;" status="passed" />
        <testcase classname="Использование версии" name="я вижу в консоли вывод &quot;OneScript stable активирован&quot;" status="passed" />
        <testcase classname="Проверка использования версии" name="Я выполняю команду &quot;ovm ls&quot;" status="passed" />
        <testcase classname="Проверка использования версии" name="Я Показываю вывод команды" status="passed" />
        <testcase classname="Проверка использования версии" name="я вижу в консоли строку подобно &quot;current -&gt; .*&quot;" status="failure">
            <failure message="У шага &lt;я вижу в консоли строку подобно &quot;current -&gt; .*&quot;&gt;&#xA;{Модуль C:\Users\nixel\AppData\Local\ovm\current\lib\asserts\src\bdd-asserts.os / Ошибка в строке: 303 / [Failed] Ожидали, что проверяемое значение (Ложь) является ИСТИНОЙ.&#xA;Ожидали, что найдем совпадение по регулярному выражению current -&gt; .*, а это не так.}    &#xD;&#xA;	ВызватьИсключение Префикс + &quot; &quot; + СообщениеОшибки;" />
        </testcase>
    </testsuite>
</testsuites>